<?xml version="1.0" encoding="UTF-8"?>
<!-- Generated by org.testng.reporters.JUnitReportReporter -->
<testsuite skipped="0" hostname="EPUALVIW0391" name="com.epam.testgmail.TestGmail" tests="2" failures="0" timestamp="08 Aug 2017 10:33:05 GMT" time="63.854" errors="0">
  <testcase name="testGmail" time="30.945" classname="com.epam.testgmail.TestGmail"/>
  <testcase name="testGmail" time="32.909" classname="com.epam.testgmail.TestGmail"/>
</testsuite> <!-- com.epam.testgmail.TestGmail -->
